0 verbose cli /home/engine/.nvm/versions/node/v24.14.1/bin/node /home/engine/.nvm/versions/node/v24.14.1/bin/npm
1 info using npm@11.11.0
2 info using node@v24.14.1
3 silly config load:file:/home/engine/.nvm/versions/node/v24.14.1/lib/node_modules/npm/npmrc
4 silly config load:file:/home/agent-lead/.npmrc
5 silly config load:file:/home/engine/.nvm/versions/node/v24.14.1/etc/npmrc
6 verbose title npm install tailwindcss postcss autoprefixer
7 verbose argv "install" "--save-dev" "tailwindcss" "postcss" "autoprefixer"
8 verbose logfile logs-max:10 dir:/home/agent-lead/.npm/_logs/2026-06-04T13_55_12_370Z-
9 verbose logfile /home/agent-lead/.npm/_logs/2026-06-04T13_55_12_370Z-debug-0.log
10 silly logfile done cleaning log files
11 silly packumentCache heap:3298820096 maxSize:824705024 maxEntrySize:412352512
12 silly idealTree buildDeps
13 silly fetch manifest tailwindcss@*
14 silly packumentCache full:https://registry.npmjs.org/tailwindcss cache-miss
15 http fetch GET 200 https://registry.npmjs.org/tailwindcss 287ms (cache miss)
16 silly packumentCache full:https://registry.npmjs.org/tailwindcss set size:undefined disposed:false
17 silly fetch manifest postcss@*
18 silly packumentCache full:https://registry.npmjs.org/postcss cache-miss
19 http cache https://registry.npmjs.org/postcss 14ms (cache hit)
20 silly packumentCache full:https://registry.npmjs.org/postcss set size:723316 disposed:false
21 silly fetch manifest autoprefixer@*
22 silly packumentCache full:https://registry.npmjs.org/autoprefixer cache-miss
23 http fetch GET 200 https://registry.npmjs.org/autoprefixer 79ms (cache miss)
24 silly packumentCache full:https://registry.npmjs.org/autoprefixer set size:undefined disposed:false
25 silly placeDep ROOT autoprefixer@10.5.0 OK for: agent-lead@1.0.0 want: *
26 silly placeDep ROOT postcss@8.5.15 REPLACE for: agent-lead@1.0.0 want: *
27 silly placeDep ROOT tailwindcss@4.3.0 OK for: agent-lead@1.0.0 want: *
28 silly fetch manifest browserslist@^4.28.2
29 silly packumentCache full:https://registry.npmjs.org/browserslist cache-miss
30 http fetch GET 200 https://registry.npmjs.org/browserslist 44ms (cache miss)
31 silly packumentCache full:https://registry.npmjs.org/browserslist set size:undefined disposed:false
32 silly fetch manifest caniuse-lite@^1.0.30001787
33 silly packumentCache full:https://registry.npmjs.org/caniuse-lite cache-miss
34 http fetch GET 200 https://registry.npmjs.org/caniuse-lite 91ms (cache miss)
35 silly packumentCache full:https://registry.npmjs.org/caniuse-lite set size:undefined disposed:false
36 silly fetch manifest fraction.js@^5.3.4
37 silly packumentCache full:https://registry.npmjs.org/fraction.js cache-miss
38 http fetch GET 200 https://registry.npmjs.org/fraction.js 34ms (cache miss)
39 silly packumentCache full:https://registry.npmjs.org/fraction.js set size:undefined disposed:false
40 silly fetch manifest postcss-value-parser@^4.2.0
41 silly packumentCache full:https://registry.npmjs.org/postcss-value-parser cache-miss
42 http fetch GET 200 https://registry.npmjs.org/postcss-value-parser 45ms (cache miss)
43 silly packumentCache full:https://registry.npmjs.org/postcss-value-parser set size:undefined disposed:false
44 silly placeDep ROOT browserslist@4.28.2 OK for: autoprefixer@10.5.0 want: ^4.28.2
45 silly placeDep ROOT caniuse-lite@1.0.30001793 OK for: autoprefixer@10.5.0 want: ^1.0.30001787
46 silly placeDep ROOT fraction.js@5.3.4 OK for: autoprefixer@10.5.0 want: ^5.3.4
47 silly placeDep ROOT postcss-value-parser@4.2.0 OK for: autoprefixer@10.5.0 want: ^4.2.0
48 silly fetch manifest baseline-browser-mapping@^2.10.12
49 silly packumentCache full:https://registry.npmjs.org/baseline-browser-mapping cache-miss
50 http fetch GET 200 https://registry.npmjs.org/baseline-browser-mapping 47ms (cache miss)
51 silly packumentCache full:https://registry.npmjs.org/baseline-browser-mapping set size:undefined disposed:false
52 silly fetch manifest caniuse-lite@^1.0.30001782
53 silly packumentCache full:https://registry.npmjs.org/caniuse-lite cache-miss
54 http cache https://registry.npmjs.org/caniuse-lite 7ms (cache hit)
55 silly packumentCache full:https://registry.npmjs.org/caniuse-lite set size:2293068 disposed:false
56 silly fetch manifest electron-to-chromium@^1.5.328
57 silly packumentCache full:https://registry.npmjs.org/electron-to-chromium cache-miss
58 http fetch GET 200 https://registry.npmjs.org/electron-to-chromium 156ms (cache miss)
59 silly packumentCache full:https://registry.npmjs.org/electron-to-chromium set size:undefined disposed:false
60 silly fetch manifest node-releases@^2.0.36
61 silly packumentCache full:https://registry.npmjs.org/node-releases cache-miss
62 http fetch GET 200 https://registry.npmjs.org/node-releases 42ms (cache miss)
63 silly packumentCache full:https://registry.npmjs.org/node-releases set size:undefined disposed:false
64 silly fetch manifest update-browserslist-db@^1.2.3
65 silly packumentCache full:https://registry.npmjs.org/update-browserslist-db cache-miss
66 http fetch GET 200 https://registry.npmjs.org/update-browserslist-db 30ms (cache miss)
67 silly packumentCache full:https://registry.npmjs.org/update-browserslist-db set size:undefined disposed:false
68 silly fetch manifest browserslist@>= 4.21.0
69 silly packumentCache full:https://registry.npmjs.org/browserslist cache-miss
70 http cache https://registry.npmjs.org/browserslist 4ms (cache hit)
71 silly packumentCache full:https://registry.npmjs.org/browserslist set size:504681 disposed:false
72 silly placeDep ROOT baseline-browser-mapping@2.10.33 OK for: browserslist@4.28.2 want: ^2.10.12
73 silly placeDep ROOT electron-to-chromium@1.5.367 OK for: browserslist@4.28.2 want: ^1.5.328
74 silly placeDep ROOT node-releases@2.0.47 OK for: browserslist@4.28.2 want: ^2.0.36
75 silly placeDep ROOT update-browserslist-db@1.2.3 OK for: browserslist@4.28.2 want: ^1.2.3
76 silly fetch manifest escalade@^3.2.0
77 silly packumentCache full:https://registry.npmjs.org/escalade cache-miss
78 http fetch GET 200 https://registry.npmjs.org/escalade 29ms (cache miss)
79 silly packumentCache full:https://registry.npmjs.org/escalade set size:undefined disposed:false
80 silly placeDep ROOT escalade@3.2.0 OK for: update-browserslist-db@1.2.3 want: ^3.2.0
81 silly reify moves {}
82 silly audit bulk request {
82 silly audit   '@emnapi/core': [ '1.10.0' ],
82 silly audit   '@emnapi/runtime': [ '1.10.0' ],
82 silly audit   '@emnapi/wasi-threads': [ '1.2.1' ],
82 silly audit   '@napi-rs/wasm-runtime': [ '1.1.4' ],
82 silly audit   '@oxc-project/types': [ '0.133.0' ],
82 silly audit   '@rolldown/binding-android-arm64': [ '1.0.3' ],
82 silly audit   '@rolldown/binding-darwin-arm64': [ '1.0.3' ],
82 silly audit   '@rolldown/binding-darwin-x64': [ '1.0.3' ],
82 silly audit   '@rolldown/binding-freebsd-x64': [ '1.0.3' ],
82 silly audit   '@rolldown/binding-linux-arm-gnueabihf': [ '1.0.3' ],
82 silly audit   '@rolldown/binding-linux-arm64-gnu': [ '1.0.3' ],
82 silly audit   '@rolldown/binding-linux-arm64-musl': [ '1.0.3' ],
82 silly audit   '@rolldown/binding-linux-ppc64-gnu': [ '1.0.3' ],
82 silly audit   '@rolldown/binding-linux-s390x-gnu': [ '1.0.3' ],
82 silly audit   '@rolldown/binding-linux-x64-gnu': [ '1.0.3' ],
82 silly audit   '@rolldown/binding-linux-x64-musl': [ '1.0.3' ],
82 silly audit   '@rolldown/binding-openharmony-arm64': [ '1.0.3' ],
82 silly audit   '@rolldown/binding-wasm32-wasi': [ '1.0.3' ],
82 silly audit   '@rolldown/binding-win32-arm64-msvc': [ '1.0.3' ],
82 silly audit   '@rolldown/binding-win32-x64-msvc': [ '1.0.3' ],
82 silly audit   '@rolldown/pluginutils': [ '1.0.1' ],
82 silly audit   '@tybys/wasm-util': [ '0.10.2' ],
82 silly audit   '@vitejs/plugin-react': [ '6.0.2' ],
82 silly audit   'detect-libc': [ '2.1.2' ],
82 silly audit   fdir: [ '6.5.0' ],
82 silly audit   fsevents: [ '2.3.3' ],
82 silly audit   lightningcss: [ '1.32.0' ],
82 silly audit   'lightningcss-android-arm64': [ '1.32.0' ],
82 silly audit   'lightningcss-darwin-arm64': [ '1.32.0' ],
82 silly audit   'lightningcss-darwin-x64': [ '1.32.0' ],
82 silly audit   'lightningcss-freebsd-x64': [ '1.32.0' ],
82 silly audit   'lightningcss-linux-arm-gnueabihf': [ '1.32.0' ],
82 silly audit   'lightningcss-linux-arm64-gnu': [ '1.32.0' ],
82 silly audit   'lightningcss-linux-arm64-musl': [ '1.32.0' ],
82 silly audit   'lightningcss-linux-x64-gnu': [ '1.32.0' ],
82 silly audit   'lightningcss-linux-x64-musl': [ '1.32.0' ],
82 silly audit   'lightningcss-win32-arm64-msvc': [ '1.32.0' ],
82 silly audit   'lightningcss-win32-x64-msvc': [ '1.32.0' ],
82 silly audit   nanoid: [ '3.3.12' ],
82 silly audit   picocolors: [ '1.1.1' ],
82 silly audit   picomatch: [ '4.0.4' ],
82 silly audit   react: [ '19.2.7' ],
82 silly audit   'react-dom': [ '19.2.7' ],
82 silly audit   rolldown: [ '1.0.3' ],
82 silly audit   scheduler: [ '0.27.0' ],
82 silly audit   'source-map-js': [ '1.2.1' ],
82 silly audit   tinyglobby: [ '0.2.17' ],
82 silly audit   tslib: [ '2.8.1' ],
82 silly audit   vite: [ '8.0.16' ],
82 silly audit   autoprefixer: [ '10.5.0' ],
82 silly audit   postcss: [ '8.5.15' ],
82 silly audit   tailwindcss: [ '4.3.0' ],
82 silly audit   browserslist: [ '4.28.2' ],
82 silly audit   'caniuse-lite': [ '1.0.30001793' ],
82 silly audit   'fraction.js': [ '5.3.4' ],
82 silly audit   'postcss-value-parser': [ '4.2.0' ],
82 silly audit   'baseline-browser-mapping': [ '2.10.33' ],
82 silly audit   'electron-to-chromium': [ '1.5.367' ],
82 silly audit   'node-releases': [ '2.0.47' ],
82 silly audit   'update-browserslist-db': [ '1.2.3' ],
82 silly audit   escalade: [ '3.2.0' ]
82 silly audit }
83 http cache escalade@https://registry.npmjs.org/escalade/-/escalade-3.2.0.tgz 0ms (cache hit)
84 http cache update-browserslist-db@https://registry.npmjs.org/update-browserslist-db/-/update-browserslist-db-1.2.3.tgz 0ms (cache hit)
85 http cache node-releases@https://registry.npmjs.org/node-releases/-/node-releases-2.0.47.tgz 0ms (cache hit)
86 http cache baseline-browser-mapping@https://registry.npmjs.org/baseline-browser-mapping/-/baseline-browser-mapping-2.10.33.tgz 0ms (cache hit)
87 http cache electron-to-chromium@https://registry.npmjs.org/electron-to-chromium/-/electron-to-chromium-1.5.367.tgz 0ms (cache hit)
88 http cache postcss-value-parser@https://registry.npmjs.org/postcss-value-parser/-/postcss-value-parser-4.2.0.tgz 0ms (cache hit)
89 http cache fraction.js@https://registry.npmjs.org/fraction.js/-/fraction.js-5.3.4.tgz 0ms (cache hit)
90 http cache caniuse-lite@https://registry.npmjs.org/caniuse-lite/-/caniuse-lite-1.0.30001793.tgz 0ms (cache hit)
91 http cache browserslist@https://registry.npmjs.org/browserslist/-/browserslist-4.28.2.tgz 0ms (cache hit)
92 http cache tailwindcss@https://registry.npmjs.org/tailwindcss/-/tailwindcss-4.3.0.tgz 0ms (cache hit)
93 http cache autoprefixer@https://registry.npmjs.org/autoprefixer/-/autoprefixer-10.5.0.tgz 0ms (cache hit)
94 silly tarball no local data for escalade@https://registry.npmjs.org/escalade/-/escalade-3.2.0.tgz. Extracting by manifest.
95 silly tarball no local data for update-browserslist-db@https://registry.npmjs.org/update-browserslist-db/-/update-browserslist-db-1.2.3.tgz. Extracting by manifest.
96 silly tarball no local data for node-releases@https://registry.npmjs.org/node-releases/-/node-releases-2.0.47.tgz. Extracting by manifest.
97 silly tarball no local data for baseline-browser-mapping@https://registry.npmjs.org/baseline-browser-mapping/-/baseline-browser-mapping-2.10.33.tgz. Extracting by manifest.
98 silly tarball no local data for electron-to-chromium@https://registry.npmjs.org/electron-to-chromium/-/electron-to-chromium-1.5.367.tgz. Extracting by manifest.
99 silly tarball no local data for postcss-value-parser@https://registry.npmjs.org/postcss-value-parser/-/postcss-value-parser-4.2.0.tgz. Extracting by manifest.
100 silly tarball no local data for fraction.js@https://registry.npmjs.org/fraction.js/-/fraction.js-5.3.4.tgz. Extracting by manifest.
101 silly tarball no local data for caniuse-lite@https://registry.npmjs.org/caniuse-lite/-/caniuse-lite-1.0.30001793.tgz. Extracting by manifest.
102 silly tarball no local data for browserslist@https://registry.npmjs.org/browserslist/-/browserslist-4.28.2.tgz. Extracting by manifest.
103 silly tarball no local data for tailwindcss@https://registry.npmjs.org/tailwindcss/-/tailwindcss-4.3.0.tgz. Extracting by manifest.
104 silly tarball no local data for autoprefixer@https://registry.npmjs.org/autoprefixer/-/autoprefixer-10.5.0.tgz. Extracting by manifest.
105 http fetch POST 200 https://registry.npmjs.org/-/npm/v1/security/advisories/bulk 44ms
106 silly audit report {}
107 http fetch GET 200 https://registry.npmjs.org/escalade/-/escalade-3.2.0.tgz 145ms (cache miss)
108 http fetch GET 200 https://registry.npmjs.org/update-browserslist-db/-/update-browserslist-db-1.2.3.tgz 146ms (cache miss)
109 http fetch GET 200 https://registry.npmjs.org/node-releases/-/node-releases-2.0.47.tgz 145ms (cache miss)
110 http fetch GET 200 https://registry.npmjs.org/postcss-value-parser/-/postcss-value-parser-4.2.0.tgz 153ms (cache miss)
111 http fetch GET 200 https://registry.npmjs.org/browserslist/-/browserslist-4.28.2.tgz 152ms (cache miss)
112 http fetch GET 200 https://registry.npmjs.org/electron-to-chromium/-/electron-to-chromium-1.5.367.tgz 167ms (cache miss)
113 http fetch GET 200 https://registry.npmjs.org/baseline-browser-mapping/-/baseline-browser-mapping-2.10.33.tgz 171ms (cache miss)
114 http fetch GET 200 https://registry.npmjs.org/fraction.js/-/fraction.js-5.3.4.tgz 178ms (cache miss)
115 http fetch GET 200 https://registry.npmjs.org/tailwindcss/-/tailwindcss-4.3.0.tgz 195ms (cache miss)
116 http fetch GET 200 https://registry.npmjs.org/autoprefixer/-/autoprefixer-10.5.0.tgz 225ms (cache miss)
117 http fetch GET 200 https://registry.npmjs.org/caniuse-lite/-/caniuse-lite-1.0.30001793.tgz 506ms (cache miss)
118 silly ADD node_modules/escalade
119 silly ADD node_modules/update-browserslist-db
120 silly ADD node_modules/node-releases
121 silly ADD node_modules/electron-to-chromium
122 silly ADD node_modules/baseline-browser-mapping
123 silly ADD node_modules/postcss-value-parser
124 silly ADD node_modules/fraction.js
125 silly ADD node_modules/caniuse-lite
126 silly ADD node_modules/browserslist
127 silly ADD node_modules/tailwindcss
128 silly ADD node_modules/autoprefixer
129 verbose cwd /home/agent-lead
130 verbose os Linux 6.1.158+
131 verbose node v24.14.1
132 verbose npm  v11.11.0
133 verbose exit 0
134 info ok
