0 verbose cli /home/engine/.nvm/versions/node/v24.14.1/bin/node /home/engine/.nvm/versions/node/v24.14.1/bin/npm
1 info using npm@11.11.0
2 info using node@v24.14.1
3 silly config load:file:/home/engine/.nvm/versions/node/v24.14.1/lib/node_modules/npm/npmrc
4 silly config load:file:/home/agent-lead/.npmrc
5 silly config load:file:/home/engine/.nvm/versions/node/v24.14.1/etc/npmrc
6 verbose title npm install localtunnel
7 verbose argv "install" "--global" "localtunnel"
8 verbose logfile logs-max:10 dir:/home/agent-lead/.npm/_logs/2026-06-04T16_18_59_762Z-
9 verbose logfile /home/agent-lead/.npm/_logs/2026-06-04T16_18_59_762Z-debug-0.log
10 silly packumentCache heap:3298820096 maxSize:824705024 maxEntrySize:412352512
11 silly logfile start cleaning logs, removing 1 files
12 silly logfile done cleaning log files
13 silly idealTree buildDeps
14 silly fetch manifest localtunnel@*
15 silly packumentCache full:https://registry.npmjs.org/localtunnel cache-miss
16 http fetch GET 200 https://registry.npmjs.org/localtunnel 118ms (cache miss)
17 silly packumentCache full:https://registry.npmjs.org/localtunnel set size:undefined disposed:false
18 silly placeDep ROOT localtunnel@2.0.2 OK for:  want: *
19 silly fetch manifest axios@0.21.4
20 silly packumentCache full:https://registry.npmjs.org/axios cache-miss
21 http fetch GET 200 https://registry.npmjs.org/axios 72ms (cache miss)
22 silly packumentCache full:https://registry.npmjs.org/axios set size:undefined disposed:false
23 silly fetch manifest debug@4.3.2
24 silly packumentCache full:https://registry.npmjs.org/debug cache-miss
25 http fetch GET 200 https://registry.npmjs.org/debug 42ms (cache revalidated)
26 silly packumentCache full:https://registry.npmjs.org/debug set size:195840 disposed:false
27 silly fetch manifest openurl@1.1.1
28 silly packumentCache full:https://registry.npmjs.org/openurl cache-miss
29 http fetch GET 200 https://registry.npmjs.org/openurl 47ms (cache miss)
30 silly packumentCache full:https://registry.npmjs.org/openurl set size:undefined disposed:false
31 silly fetch manifest yargs@17.1.1
32 silly packumentCache full:https://registry.npmjs.org/yargs cache-miss
33 http fetch GET 200 https://registry.npmjs.org/yargs 77ms (cache miss)
34 silly packumentCache full:https://registry.npmjs.org/yargs set size:undefined disposed:false
35 silly placeDep node_modules/localtunnel axios@0.21.4 OK for: localtunnel@2.0.2 want: 0.21.4
36 silly placeDep node_modules/localtunnel debug@4.3.2 OK for: localtunnel@2.0.2 want: 4.3.2
37 silly placeDep node_modules/localtunnel openurl@1.1.1 OK for: localtunnel@2.0.2 want: 1.1.1
38 silly placeDep node_modules/localtunnel yargs@17.1.1 OK for: localtunnel@2.0.2 want: 17.1.1
39 silly fetch manifest follow-redirects@^1.14.0
40 silly packumentCache full:https://registry.npmjs.org/follow-redirects cache-miss
41 http fetch GET 200 https://registry.npmjs.org/follow-redirects 52ms (cache miss)
42 silly packumentCache full:https://registry.npmjs.org/follow-redirects set size:undefined disposed:false
43 silly fetch manifest ms@2.1.2
44 silly packumentCache full:https://registry.npmjs.org/ms cache-miss
45 http fetch GET 200 https://registry.npmjs.org/ms 54ms (cache revalidated)
46 silly packumentCache full:https://registry.npmjs.org/ms set size:92208 disposed:false
47 silly fetch manifest y18n@^5.0.5
48 silly packumentCache full:https://registry.npmjs.org/y18n cache-miss
49 http fetch GET 200 https://registry.npmjs.org/y18n 48ms (cache miss)
50 silly packumentCache full:https://registry.npmjs.org/y18n set size:undefined disposed:false
51 silly fetch manifest cliui@^7.0.2
52 silly packumentCache full:https://registry.npmjs.org/cliui cache-miss
53 http fetch GET 200 https://registry.npmjs.org/cliui 56ms (cache miss)
54 silly packumentCache full:https://registry.npmjs.org/cliui set size:undefined disposed:false
55 silly fetch manifest escalade@^3.1.1
56 silly packumentCache full:https://registry.npmjs.org/escalade cache-miss
57 http fetch GET 200 https://registry.npmjs.org/escalade 57ms (cache revalidated)
58 silly packumentCache full:https://registry.npmjs.org/escalade set size:33724 disposed:false
59 silly fetch manifest string-width@^4.2.0
60 silly packumentCache full:https://registry.npmjs.org/string-width cache-miss
61 http fetch GET 200 https://registry.npmjs.org/string-width 47ms (cache miss)
62 silly packumentCache full:https://registry.npmjs.org/string-width set size:undefined disposed:false
63 silly fetch manifest yargs-parser@^20.2.2
64 silly packumentCache full:https://registry.npmjs.org/yargs-parser cache-miss
65 http fetch GET 200 https://registry.npmjs.org/yargs-parser 46ms (cache miss)
66 silly packumentCache full:https://registry.npmjs.org/yargs-parser set size:undefined disposed:false
67 silly fetch manifest get-caller-file@^2.0.5
68 silly packumentCache full:https://registry.npmjs.org/get-caller-file cache-miss
69 http fetch GET 200 https://registry.npmjs.org/get-caller-file 40ms (cache miss)
70 silly packumentCache full:https://registry.npmjs.org/get-caller-file set size:undefined disposed:false
71 silly fetch manifest require-directory@^2.1.1
72 silly packumentCache full:https://registry.npmjs.org/require-directory cache-miss
73 http fetch GET 200 https://registry.npmjs.org/require-directory 38ms (cache miss)
74 silly packumentCache full:https://registry.npmjs.org/require-directory set size:undefined disposed:false
75 silly placeDep node_modules/localtunnel follow-redirects@1.16.0 OK for: axios@0.21.4 want: ^1.14.0
76 silly placeDep node_modules/localtunnel ms@2.1.2 OK for: debug@4.3.2 want: 2.1.2
77 silly placeDep node_modules/localtunnel cliui@7.0.4 OK for: yargs@17.1.1 want: ^7.0.2
78 silly placeDep node_modules/localtunnel escalade@3.2.0 OK for: yargs@17.1.1 want: ^3.1.1
79 silly placeDep node_modules/localtunnel get-caller-file@2.0.5 OK for: yargs@17.1.1 want: ^2.0.5
80 silly placeDep node_modules/localtunnel require-directory@2.1.1 OK for: yargs@17.1.1 want: ^2.1.1
81 silly placeDep node_modules/localtunnel string-width@4.2.3 OK for: yargs@17.1.1 want: ^4.2.0
82 silly placeDep node_modules/localtunnel y18n@5.0.8 OK for: yargs@17.1.1 want: ^5.0.5
83 silly placeDep node_modules/localtunnel yargs-parser@20.2.9 OK for: yargs@17.1.1 want: ^20.2.2
84 silly fetch manifest wrap-ansi@^7.0.0
85 silly packumentCache full:https://registry.npmjs.org/wrap-ansi cache-miss
86 http fetch GET 200 https://registry.npmjs.org/wrap-ansi 42ms (cache miss)
87 silly packumentCache full:https://registry.npmjs.org/wrap-ansi set size:undefined disposed:false
88 silly fetch manifest strip-ansi@^6.0.0
89 silly packumentCache full:https://registry.npmjs.org/strip-ansi cache-miss
90 http fetch GET 200 https://registry.npmjs.org/strip-ansi 39ms (cache miss)
91 silly packumentCache full:https://registry.npmjs.org/strip-ansi set size:undefined disposed:false
92 silly fetch manifest strip-ansi@^6.0.1
93 silly packumentCache full:https://registry.npmjs.org/strip-ansi cache-miss
94 http cache https://registry.npmjs.org/strip-ansi 3ms (cache hit)
95 silly packumentCache full:https://registry.npmjs.org/strip-ansi set size:44998 disposed:false
96 silly fetch manifest emoji-regex@^8.0.0
97 silly packumentCache full:https://registry.npmjs.org/emoji-regex cache-miss
98 http fetch GET 200 https://registry.npmjs.org/emoji-regex 40ms (cache miss)
99 silly packumentCache full:https://registry.npmjs.org/emoji-regex set size:undefined disposed:false
100 silly fetch manifest is-fullwidth-code-point@^3.0.0
101 silly packumentCache full:https://registry.npmjs.org/is-fullwidth-code-point cache-miss
102 http fetch GET 200 https://registry.npmjs.org/is-fullwidth-code-point 38ms (cache miss)
103 silly packumentCache full:https://registry.npmjs.org/is-fullwidth-code-point set size:undefined disposed:false
104 silly placeDep node_modules/localtunnel strip-ansi@6.0.1 OK for: cliui@7.0.4 want: ^6.0.0
105 silly placeDep node_modules/localtunnel wrap-ansi@7.0.0 OK for: cliui@7.0.4 want: ^7.0.0
106 silly fetch manifest ansi-regex@^5.0.1
107 silly packumentCache full:https://registry.npmjs.org/ansi-regex cache-miss
108 http fetch GET 200 https://registry.npmjs.org/ansi-regex 39ms (cache miss)
109 silly packumentCache full:https://registry.npmjs.org/ansi-regex set size:undefined disposed:false
110 silly fetch manifest ansi-styles@^4.0.0
111 silly packumentCache full:https://registry.npmjs.org/ansi-styles cache-miss
112 http fetch GET 200 https://registry.npmjs.org/ansi-styles 44ms (cache miss)
113 silly packumentCache full:https://registry.npmjs.org/ansi-styles set size:undefined disposed:false
114 silly placeDep node_modules/localtunnel emoji-regex@8.0.0 OK for: string-width@4.2.3 want: ^8.0.0
115 silly placeDep node_modules/localtunnel is-fullwidth-code-point@3.0.0 OK for: string-width@4.2.3 want: ^3.0.0
116 silly placeDep node_modules/localtunnel ansi-regex@5.0.1 OK for: strip-ansi@6.0.1 want: ^5.0.1
117 silly placeDep node_modules/localtunnel ansi-styles@4.3.0 OK for: wrap-ansi@7.0.0 want: ^4.0.0
118 silly fetch manifest color-convert@^2.0.1
119 silly packumentCache full:https://registry.npmjs.org/color-convert cache-miss
120 http fetch GET 200 https://registry.npmjs.org/color-convert 41ms (cache miss)
121 silly packumentCache full:https://registry.npmjs.org/color-convert set size:undefined disposed:false
122 silly placeDep node_modules/localtunnel color-convert@2.0.1 OK for: ansi-styles@4.3.0 want: ^2.0.1
123 silly fetch manifest color-name@~1.1.4
124 silly packumentCache full:https://registry.npmjs.org/color-name cache-miss
125 http fetch GET 200 https://registry.npmjs.org/color-name 38ms (cache miss)
126 silly packumentCache full:https://registry.npmjs.org/color-name set size:undefined disposed:false
127 silly placeDep node_modules/localtunnel color-name@1.1.4 OK for: color-convert@2.0.1 want: ~1.1.4
128 silly reify moves {}
129 verbose stack Error: EACCES: permission denied, mkdir '/home/engine/.nvm/versions/node/v24.14.1/lib/node_modules/localtunnel'
129 verbose stack     at async mkdir (node:internal/fs/promises:859:10)
129 verbose stack     at async /home/engine/.nvm/versions/node/v24.14.1/lib/node_modules/npm/node_modules/@npmcli/arborist/lib/arborist/reify.js:572:20
129 verbose stack     at async Promise.allSettled (index 0)
129 verbose stack     at async #reifyPackages (/home/engine/.nvm/versions/node/v24.14.1/lib/node_modules/npm/node_modules/@npmcli/arborist/lib/arborist/reify.js:309:11)
129 verbose stack     at async Arborist.reify (/home/engine/.nvm/versions/node/v24.14.1/lib/node_modules/npm/node_modules/@npmcli/arborist/lib/arborist/reify.js:121:5)
129 verbose stack     at async Install.exec (/home/engine/.nvm/versions/node/v24.14.1/lib/node_modules/npm/lib/commands/install.js:152:5)
129 verbose stack     at async Npm.exec (/home/engine/.nvm/versions/node/v24.14.1/lib/node_modules/npm/lib/npm.js:209:9)
129 verbose stack     at async module.exports (/home/engine/.nvm/versions/node/v24.14.1/lib/node_modules/npm/lib/cli/entry.js:67:5)
130 error code EACCES
131 error syscall mkdir
132 error path /home/engine/.nvm/versions/node/v24.14.1/lib/node_modules/localtunnel
133 error errno -13
134 error Error: EACCES: permission denied, mkdir '/home/engine/.nvm/versions/node/v24.14.1/lib/node_modules/localtunnel'
134 error     at async mkdir (node:internal/fs/promises:859:10)
134 error     at async /home/engine/.nvm/versions/node/v24.14.1/lib/node_modules/npm/node_modules/@npmcli/arborist/lib/arborist/reify.js:572:20
134 error     at async Promise.allSettled (index 0)
134 error     at async #reifyPackages (/home/engine/.nvm/versions/node/v24.14.1/lib/node_modules/npm/node_modules/@npmcli/arborist/lib/arborist/reify.js:309:11)
134 error     at async Arborist.reify (/home/engine/.nvm/versions/node/v24.14.1/lib/node_modules/npm/node_modules/@npmcli/arborist/lib/arborist/reify.js:121:5)
134 error     at async Install.exec (/home/engine/.nvm/versions/node/v24.14.1/lib/node_modules/npm/lib/commands/install.js:152:5)
134 error     at async Npm.exec (/home/engine/.nvm/versions/node/v24.14.1/lib/node_modules/npm/lib/npm.js:209:9)
134 error     at async module.exports (/home/engine/.nvm/versions/node/v24.14.1/lib/node_modules/npm/lib/cli/entry.js:67:5) {
134 error   errno: -13,
134 error   code: 'EACCES',
134 error   syscall: 'mkdir',
134 error   path: '/home/engine/.nvm/versions/node/v24.14.1/lib/node_modules/localtunnel'
134 error }
135 error
135 error The operation was rejected by your operating system.
135 error It is likely you do not have the permissions to access this file as the current user
135 error
135 error If you believe this might be a permissions issue, please double-check the
135 error permissions of the file and its containing directories, or try running
135 error the command again as root/Administrator.
136 silly unfinished npm timer reify 1780589939973
137 silly unfinished npm timer reify:createSparse 1780589941219
138 verbose cwd /home/agent-lead
139 verbose os Linux 6.1.158+
140 verbose node v24.14.1
141 verbose npm  v11.11.0
142 verbose exit -13
143 verbose code -13
144 error A complete log of this run can be found in: /home/agent-lead/.npm/_logs/2026-06-04T16_18_59_762Z-debug-0.log
